# JRE version: OpenJDK Runtime Environment Microsoft-8035250 (11.0.20+8) (build 11.0.20+8-LTS)
# Java VM: OpenJDK 64-Bit Server VM Microsoft-8035250 (11.0.20+8-LTS, mixed mode, tiered, compressed oops, g1 gc, windows-amd64)
Heap:
 garbage-first heap   total 184320K, used 142163K [0x0000000080000000, 0x0000000100000000)
  region size 1024K, 12 young (12288K), 2 survivors (2048K)
 Metaspace       used 102269K, capacity 105546K, committed 105808K, reserved 608256K
  class space    used 13447K, capacity 14770K, committed 14848K, reserved 516096K
GC Heap History (20 events):
Event: 223.581 GC heap before
{Heap before GC invocations=88 (full 0):
 garbage-first heap   total 153600K, used 133780K [0x0000000080000000, 0x0000000100000000)
  region size 1024K, 8 young (8192K), 2 survivors (2048K)
 Metaspace       used 97964K, capacity 101047K, committed 101328K, reserved 604160K
  class space    used 12823K, capacity 14102K, committed 14208K, reserved 516096K
}
Event: 223.600 GC heap after
{Heap after GC invocations=89 (full 0):
 garbage-first heap   total 153600K, used 129076K [0x0000000080000000, 0x0000000100000000)
  region size 1024K, 1 young (1024K), 1 survivors (1024K)
 Metaspace       used 97964K, capacity 101047K, committed 101328K, reserved 604160K
  class space    used 12823K, capacity 14102K, committed 14208K, reserved 516096K
}
Event: 224.187 GC heap before
{Heap before GC invocations=89 (full 0):
 garbage-first heap   total 153600K, used 135220K [0x0000000080000000, 0x0000000100000000)
  region size 1024K, 7 young (7168K), 1 survivors (1024K)
 Metaspace       used 98205K, capacity 101245K, committed 101328K, reserved 604160K
  class space    used 12865K, capacity 14125K, committed 14208K, reserved 516096K
}
Event: 224.203 GC heap after
{Heap after GC invocations=90 (full 0):
 garbage-first heap   total 153600K, used 130052K [0x0000000080000000, 0x0000000100000000)
  region size 1024K, 1 young (1024K), 1 survivors (1024K)
 Metaspace       used 98205K, capacity 101245K, committed 101328K, reserved 604160K
  class space    used 12865K, capacity 14125K, committed 14208K, reserved 516096K
}
Event: 224.476 GC heap before
{Heap before GC invocations=90 (full 0):
 garbage-first heap   total 153600K, used 136196K [0x0000000080000000, 0x0000000100000000)
  region size 1024K, 7 young (7168K), 1 survivors (1024K)
 Metaspace       used 98461K, capacity 101533K, committed 101584K, reserved 604160K
  class space    used 12907K, capacity 14196K, committed 14208K, reserved 516096K
}
Event: 224.485 GC heap after
{Heap after GC invocations=91 (full 0):
 garbage-first heap   total 153600K, used 130380K [0x0000000080000000, 0x0000000100000000)
  region size 1024K, 1 young (1024K), 1 survivors (1024K)
 Metaspace       used 98461K, capacity 101533K, committed 101584K, reserved 604160K
  class space    used 12907K, capacity 14196K, committed 14208K, reserved 516096K
}
Event: 224.907 GC heap before
{Heap before GC invocations=91 (full 0):
 garbage-first heap   total 153600K, used 136524K [0x0000000080000000, 0x0000000100000000)
  region size 1024K, 7 young (7168K), 1 survivors (1024K)
 Metaspace       used 98798K, capacity 101971K, committed 102224K, reserved 604160K
  class space    used 12962K, capacity 14235K, committed 14336K, reserved 516096K
}
Event: 224.915 GC heap after
{Heap after GC invocations=92 (full 0):
 garbage-first heap   total 153600K, used 130426K [0x0000000080000000, 0x0000000100000000)
  region size 1024K, 1 young (1024K), 1 survivors (1024K)
 Metaspace       used 98798K, capacity 101971K, committed 102224K, reserved 604160K
  class space    used 12962K, capacity 14235K, committed 14336K, reserved 516096K
}
Event: 225.469 GC heap before
{Heap before GC invocations=93 (full 0):
 garbage-first heap   total 153600K, used 136570K [0x0000000080000000, 0x0000000100000000)
  region size 1024K, 7 young (7168K), 1 survivors (1024K)
 Metaspace       used 99114K, capacity 102273K, committed 102480K, reserved 606208K
  class space    used 13010K, capacity 14269K, committed 14336K, reserved 516096K
}
Event: 225.477 GC heap after
{Heap after GC invocations=94 (full 0):
 garbage-first heap   total 153600K, used 130709K [0x0000000080000000, 0x0000000100000000)
  region size 1024K, 1 young (1024K), 1 survivors (1024K)
 Metaspace       used 99114K, capacity 102273K, committed 102480K, reserved 606208K
  class space    used 13010K, capacity 14269K, committed 14336K, reserved 516096K
}
Event: 226.042 GC heap before
{Heap before GC invocations=94 (full 0):
 garbage-first heap   total 153600K, used 136853K [0x0000000080000000, 0x0000000100000000)
  region size 1024K, 7 young (7168K), 1 survivors (1024K)
 Metaspace       used 99431K, capacity 102629K, committed 102864K, reserved 606208K
  class space    used 13059K, capacity 14341K, committed 14464K, reserved 516096K
}
Event: 226.056 GC heap after
{Heap after GC invocations=95 (full 0):
 garbage-first heap   total 153600K, used 130994K [0x0000000080000000, 0x0000000100000000)
  region size 1024K, 1 young (1024K), 1 survivors (1024K)
 Metaspace       used 99431K, capacity 102629K, committed 102864K, reserved 606208K
  class space    used 13059K, capacity 14341K, committed 14464K, reserved 516096K
}
Event: 227.163 GC heap before
{Heap before GC invocations=95 (full 0):
 garbage-first heap   total 153600K, used 137138K [0x0000000080000000, 0x0000000100000000)
  region size 1024K, 7 young (7168K), 1 survivors (1024K)
 Metaspace       used 99798K, capacity 102941K, committed 103120K, reserved 606208K
  class space    used 13107K, capacity 14377K, committed 14464K, reserved 516096K
}
Event: 227.176 GC heap after
{Heap after GC invocations=96 (full 0):
 garbage-first heap   total 153600K, used 131347K [0x0000000080000000, 0x0000000100000000)
  region size 1024K, 1 young (1024K), 1 survivors (1024K)
 Metaspace       used 99798K, capacity 102941K, committed 103120K, reserved 606208K
  class space    used 13107K, capacity 14377K, committed 14464K, reserved 516096K
}
Event: 227.873 GC heap before
{Heap before GC invocations=96 (full 0):
 garbage-first heap   total 153600K, used 137491K [0x0000000080000000, 0x0000000100000000)
  region size 1024K, 7 young (7168K), 1 survivors (1024K)
 Metaspace       used 100160K, capacity 103332K, committed 103376K, reserved 606208K
  class space    used 13151K, capacity 14442K, committed 14464K, reserved 516096K
}
Event: 227.884 GC heap after
{Heap after GC invocations=97 (full 0):
 garbage-first heap   total 153600K, used 131756K [0x0000000080000000, 0x0000000100000000)
  region size 1024K, 1 young (1024K), 1 survivors (1024K)
 Metaspace       used 100160K, capacity 103332K, committed 103376K, reserved 606208K
  class space    used 13151K, capacity 14442K, committed 14464K, reserved 516096K
}
Event: 228.643 GC heap before
{Heap before GC invocations=98 (full 0):
 garbage-first heap   total 153600K, used 137900K [0x0000000080000000, 0x0000000100000000)
  region size 1024K, 7 young (7168K), 1 survivors (1024K)
 Metaspace       used 100574K, capacity 103819K, committed 104016K, reserved 606208K
  class space    used 13217K, capacity 14541K, committed 14592K, reserved 516096K
}
Event: 228.888 GC heap after
{Heap after GC invocations=99 (full 0):
 garbage-first heap   total 184320K, used 132047K [0x0000000080000000, 0x0000000100000000)
  region size 1024K, 1 young (1024K), 1 survivors (1024K)
 Metaspace       used 100574K, capacity 103819K, committed 104016K, reserved 606208K
  class space    used 13217K, capacity 14541K, committed 14592K, reserved 516096K
}
Event: 230.607 GC heap before
{Heap before GC invocations=99 (full 0):
 garbage-first heap   total 184320K, used 147407K [0x0000000080000000, 0x0000000100000000)
  region size 1024K, 16 young (16384K), 1 survivors (1024K)
 Metaspace       used 101512K, capacity 104778K, committed 104912K, reserved 608256K
  class space    used 13344K, capacity 14687K, committed 14720K, reserved 516096K
}
Event: 230.622 GC heap after
{Heap after GC invocations=100 (full 0):
 garbage-first heap   total 184320K, used 132947K [0x0000000080000000, 0x0000000100000000)
  region size 1024K, 2 young (2048K), 2 survivors (2048K)
 Metaspace       used 101512K, capacity 104778K, committed 104912K, reserved 608256K
  class space    used 13344K, capacity 14687K, committed 14720K, reserved 516096K
}

